Using pre-set license
Built from '2020.3/staging' branch; Version is '2020.3.29f1 (2ff179115da0) revision 3142009'; Using compiler version '192528614'; Build Type 'Release'
OS: 'Windows 11  (10.0.22000) 64bit Professional' Language: 'en' Physical Memory: 16086 MB
BatchMode: 1, IsHumanControllingUs: 0, StartBugReporterOnCrash: 0, Is64bit: 1, IsPro: 0

COMMAND LINE ARGUMENTS:
C:\Program Files\Unity 2020.3.29f1\Editor\Unity.exe
-adb2
-batchMode
-noUpm
-name
AssetImportWorker0
-projectPath
C:/Users/ThomasPLANCHARD/Desktop/CodeFile/2022-project-4-virtual-b3_B/2022-project-4-virtual-b3_B/B3
-logFile
Logs/AssetImportWorker0.log
-srvPort
54375
Successfully changed project path to: C:/Users/ThomasPLANCHARD/Desktop/CodeFile/2022-project-4-virtual-b3_B/2022-project-4-virtual-b3_B/B3
C:/Users/ThomasPLANCHARD/Desktop/CodeFile/2022-project-4-virtual-b3_B/2022-project-4-virtual-b3_B/B3
Using Asset Import Pipeline V2.
Refreshing native plugins compatible for Editor in 33.47 ms, found 2 plugins.
Preloading 0 native plugins for Editor in 0.00 ms.
Initialize engine version: 2020.3.29f1 (2ff179115da0)
[Subsystems] Discovering subsystems at path C:/Program Files/Unity 2020.3.29f1/Editor/Data/Resources/UnitySubsystems
[Subsystems] Discovering subsystems at path C:/Users/ThomasPLANCHARD/Desktop/CodeFile/2022-project-4-virtual-b3_B/2022-project-4-virtual-b3_B/B3/Assets
GfxDevice: creating device client; threaded=0
Direct3D:
    Version:  Direct3D 11.0 [level 11.1]
    Renderer: Intel(R) Iris(R) Plus Graphics (ID=0x8a52)
    Vendor:   
    VRAM:     8043 MB
    Driver:   27.20.100.8853
Initialize mono
Mono path[0] = 'C:/Program Files/Unity 2020.3.29f1/Editor/Data/Managed'
Mono path[1] = 'C:/Program Files/Unity 2020.3.29f1/Editor/Data/MonoBleedingEdge/lib/mono/unityjit'
Mono config path = 'C:/Program Files/Unity 2020.3.29f1/Editor/Data/MonoBleedingEdge/etc'
Using monoOptions --debugger-agent=transport=dt_socket,embedding=1,server=y,suspend=n,address=127.0.0.1:56380
Begin MonoManager ReloadAssembly
Registering precompiled unity dll's ...
Register platform support module: C:/Program Files/Unity 2020.3.29f1/Editor/Data/PlaybackEngines/WindowsStandaloneSupport/UnityEditor.WindowsStandalone.Extensions.dll
Registered in 0.001047 seconds.
Native extension for WindowsStandalone target not found
Refreshing native plugins compatible for Editor in 39.78 ms, found 2 plugins.
Preloading 0 native plugins for Editor in 0.00 ms.
Mono: successfully reloaded assembly
- Completed reload, in  0.559 seconds
Domain Reload Profiling:
	ReloadAssembly (559ms)
		BeginReloadAssembly (50ms)
			ExecutionOrderSort (0ms)
			DisableScriptedObjects (0ms)
			BackupInstance (0ms)
			ReleaseScriptingObjects (0ms)
			CreateAndSetChildDomain (1ms)
		EndReloadAssembly (445ms)
			LoadAssemblies (49ms)
			RebuildTransferFunctionScriptingTraits (0ms)
			SetupTypeCache (134ms)
			ReleaseScriptCaches (0ms)
			RebuildScriptCaches (40ms)
			SetupLoadedEditorAssemblies (173ms)
				LogAssemblyErrors (0ms)
				InitializePlatformSupportModulesInManaged (4ms)
				SetLoadedEditorAssemblies (0ms)
				RefreshPlugins (40ms)
				BeforeProcessingInitializeOnLoad (17ms)
				ProcessInitializeOnLoadAttributes (86ms)
				ProcessInitializeOnLoadMethodAttributes (26ms)
				AfterProcessingInitializeOnLoad (0ms)
				EditorAssembliesLoaded (0ms)
			ExecutionOrderSort2 (0ms)
			AwakeInstancesAfterBackupRestoration (0ms)
Platform modules already initialized, skipping
Registering precompiled user dll's ...
Registered in 0.001985 seconds.
Begin MonoManager ReloadAssembly
Native extension for WindowsStandalone target not found
Refreshing native plugins compatible for Editor in 0.46 ms, found 2 plugins.
Preloading 0 native plugins for Editor in 0.00 ms.
Mono: successfully reloaded assembly
- Completed reload, in  0.957 seconds
Domain Reload Profiling:
	ReloadAssembly (958ms)
		BeginReloadAssembly (126ms)
			ExecutionOrderSort (0ms)
			DisableScriptedObjects (5ms)
			BackupInstance (0ms)
			ReleaseScriptingObjects (0ms)
			CreateAndSetChildDomain (18ms)
		EndReloadAssembly (778ms)
			LoadAssemblies (80ms)
			RebuildTransferFunctionScriptingTraits (0ms)
			SetupTypeCache (295ms)
			ReleaseScriptCaches (1ms)
			RebuildScriptCaches (41ms)
			SetupLoadedEditorAssemblies (282ms)
				LogAssemblyErrors (0ms)
				InitializePlatformSupportModulesInManaged (4ms)
				SetLoadedEditorAssemblies (0ms)
				RefreshPlugins (1ms)
				BeforeProcessingInitializeOnLoad (76ms)
				ProcessInitializeOnLoadAttributes (190ms)
				ProcessInitializeOnLoadMethodAttributes (8ms)
				AfterProcessingInitializeOnLoad (3ms)
				EditorAssembliesLoaded (0ms)
			ExecutionOrderSort2 (0ms)
			AwakeInstancesAfterBackupRestoration (7ms)
Platform modules already initialized, skipping
========================================================================
Worker process is ready to serve import requests
Launched and connected shader compiler UnityShaderCompiler.exe after 0.05 seconds
Refreshing native plugins compatible for Editor in 0.59 ms, found 2 plugins.
Preloading 0 native plugins for Editor in 0.00 ms.
Unloading 1862 Unused Serialized files (Serialized files now loaded: 0)
System memory in use before: 84.5 MB.
System memory in use after: 84.5 MB.

Unloading 16 unused Assets to reduce memory usage. Loaded Objects now: 2299.
Total: 4.884800 ms (FindLiveObjects: 0.252000 ms CreateObjectMapping: 0.108300 ms MarkObjects: 4.405200 ms  DeleteObjects: 0.117200 ms)

AssetImportParameters requested are different than current active one (requested -> active):
  custom:framework-win-MediaFoundation: 216162199b28c13a410421893ffa2e32 -> 
  custom:video-decoder-ogg-theora: a1e56fd34408186e4bbccfd4996cb3dc -> 
  custom:container-muxer-webm: aa71ff27fc2769a1b78a27578f13a17b -> 
  custom:container-demuxer-webm: 4f35f7cbe854078d1ac9338744f61a02 -> 
  custom:container-demuxer-ogg: 62fdf1f143b41e24485cea50d1cbac27 -> 
  custom:video-encoder-webm-vp8: eb34c28f22e8b96e1ab97ce403110664 -> 
  custom:video-decoder-webm-vp8: 9c59270c3fd7afecdb556c50c9e8de78 -> 
  custom:audio-decoder-ogg-vorbis: bf7c407c2cedff20999df2af8eb42d56 -> 
  custom:audio-encoder-webm-vorbis: bf7c407c2cedff20999df2af8eb42d56 -> 
========================================================================
Received Import Request.
  path: Assets/Free/Clim/clim.fbx
  artifactKey: Guid(bccfbeb153e3faa45b3c53647b9e6c4b) Importer(815301076,1909f56bfc062723c751e8b465ee728b)
Start importing Assets/Free/Clim/clim.fbx using Guid(bccfbeb153e3faa45b3c53647b9e6c4b) Importer(815301076,1909f56bfc062723c751e8b465ee728b)  -> (artifact id: '0bc5e1541079cb088c8025df2371bc30') in 0.276462 seconds 
  Import took 0.280473 seconds .

========================================================================
Received Import Request.
  Time since last request: 0.000216 seconds.
  path: Assets/Free/Clim/Climtexture
  artifactKey: Guid(95e3df1a0bc1f774ba22edcac945aa6a) Importer(815301076,1909f56bfc062723c751e8b465ee728b)
Start importing Assets/Free/Clim/Climtexture using Guid(95e3df1a0bc1f774ba22edcac945aa6a) Importer(815301076,1909f56bfc062723c751e8b465ee728b)  -> (artifact id: '3249f751c8bda6e7553b4fb1cdbcbea2') in 0.007926 seconds 
  Import took 0.013703 seconds .

========================================================================
Received Import Request.
  Time since last request: 0.000242 seconds.
  path: Assets/Free/Clim
  artifactKey: Guid(b20c705bc2209f345b25f7727999bc5e) Importer(815301076,1909f56bfc062723c751e8b465ee728b)
Start importing Assets/Free/Clim using Guid(b20c705bc2209f345b25f7727999bc5e) Importer(815301076,1909f56bfc062723c751e8b465ee728b)  -> (artifact id: 'ac4ed1bf355d5b2ba3fc5770e8a65ed2') in 0.011218 seconds 
  Import took 0.014741 seconds .

========================================================================
Received Import Request.
  Time since last request: 28.704946 seconds.
  path: Assets/Free/Clim/Climtexture/AO.png
  artifactKey: Guid(5840e87717ff8b041b05fa688f4f0683) Importer(815301076,1909f56bfc062723c751e8b465ee728b)
Start importing Assets/Free/Clim/Climtexture/AO.png using Guid(5840e87717ff8b041b05fa688f4f0683) Importer(815301076,1909f56bfc062723c751e8b465ee728b)  -> (artifact id: '6c403ba8aab34961a8b70ef76e2fe57d') in 0.033448 seconds 
  Import took 0.037569 seconds .

========================================================================
Received Import Request.
  Time since last request: 0.000787 seconds.
  path: Assets/Free/Clim/Climtexture/Mat_AC_Roughness.png
  artifactKey: Guid(fb228bbc6f62d674c8593f069f4de94d) Importer(815301076,1909f56bfc062723c751e8b465ee728b)
Start importing Assets/Free/Clim/Climtexture/Mat_AC_Roughness.png using Guid(fb228bbc6f62d674c8593f069f4de94d) Importer(815301076,1909f56bfc062723c751e8b465ee728b)  -> (artifact id: '4314147c67c1522afa62eab6713a6c7d') in 0.033355 seconds 
  Import took 0.037463 seconds .

========================================================================
Received Import Request.
  Time since last request: 0.000315 seconds.
  path: Assets/Free/Clim/Climtexture/Mat_AC_Base_Color.png
  artifactKey: Guid(0a207f246e32927468a9460ee2b86f51) Importer(815301076,1909f56bfc062723c751e8b465ee728b)
Start importing Assets/Free/Clim/Climtexture/Mat_AC_Base_Color.png using Guid(0a207f246e32927468a9460ee2b86f51) Importer(815301076,1909f56bfc062723c751e8b465ee728b)  -> (artifact id: '9c09f13df45818fc15e235261fc4ecd2') in 0.022132 seconds 
  Import took 0.026846 seconds .

========================================================================
Received Import Request.
  Time since last request: 0.000228 seconds.
  path: Assets/Free/Clim/Climtexture/Mat_AC_Normal_OpenGL.png
  artifactKey: Guid(371cd6580a8a47f4aa4a47aaaff050bc) Importer(815301076,1909f56bfc062723c751e8b465ee728b)
Start importing Assets/Free/Clim/Climtexture/Mat_AC_Normal_OpenGL.png using Guid(371cd6580a8a47f4aa4a47aaaff050bc) Importer(815301076,1909f56bfc062723c751e8b465ee728b)  -> (artifact id: '34b22c891a5de9411b6f27fee5dd6e1c') in 0.019703 seconds 
  Import took 0.023240 seconds .

========================================================================
Received Import Request.
  Time since last request: 3.666618 seconds.
  path: Assets/Free/Clim/Climtexture/Materials
  artifactKey: Guid(180dc9604968f3e43a723e1d4c14f056) Importer(815301076,1909f56bfc062723c751e8b465ee728b)
Start importing Assets/Free/Clim/Climtexture/Materials using Guid(180dc9604968f3e43a723e1d4c14f056) Importer(815301076,1909f56bfc062723c751e8b465ee728b)  -> (artifact id: '1c75fbdd35638eeae35e6daefa753b6a') in 0.042396 seconds 
  Import took 0.045802 seconds .

========================================================================
Received Import Request.
  Time since last request: 0.064803 seconds.
  path: Assets/Free/Clim/Climtexture/Materials/AO.mat
  artifactKey: Guid(56955a8ea9e6b564283c7fffc3d3cce0) Importer(815301076,1909f56bfc062723c751e8b465ee728b)
Start importing Assets/Free/Clim/Climtexture/Materials/AO.mat using Guid(56955a8ea9e6b564283c7fffc3d3cce0) Importer(815301076,1909f56bfc062723c751e8b465ee728b)  -> (artifact id: 'a571a2cc96fc2371024cfabd797b08c2') in 0.016356 seconds 
  Import took 0.019334 seconds .

========================================================================
Received Import Request.
  Time since last request: 0.000202 seconds.
  path: Assets/Free/Clim/Climtexture/Materials/Mat_AC_Base_Color.mat
  artifactKey: Guid(915c11e5cc12a6147b0b22c2a8151b4d) Importer(815301076,1909f56bfc062723c751e8b465ee728b)
Start importing Assets/Free/Clim/Climtexture/Materials/Mat_AC_Base_Color.mat using Guid(915c11e5cc12a6147b0b22c2a8151b4d) Importer(815301076,1909f56bfc062723c751e8b465ee728b)  -> (artifact id: '2abc6c4bd39e87516a17c1a9b5055fa0') in 0.026335 seconds 
  Import took 0.029253 seconds .

========================================================================
Received Import Request.
  Time since last request: 0.000198 seconds.
  path: Assets/Free/Clim/Climtexture/Materials/Mat_AC_Roughness.mat
  artifactKey: Guid(cb85852213d1e0c4d9ad15c79ff04ccf) Importer(815301076,1909f56bfc062723c751e8b465ee728b)
Start importing Assets/Free/Clim/Climtexture/Materials/Mat_AC_Roughness.mat using Guid(cb85852213d1e0c4d9ad15c79ff04ccf) Importer(815301076,1909f56bfc062723c751e8b465ee728b)  -> (artifact id: 'cefe9cc5e1187e723a9d16fd4c9ab1ec') in 0.021506 seconds 
  Import took 0.025006 seconds .

========================================================================
Received Import Request.
  Time since last request: 0.000341 seconds.
  path: Assets/Free/Clim/Climtexture/Materials/Mat_AC_Normal_OpenGL.mat
  artifactKey: Guid(fa6df4f5ff96fec4ab98813bc5698fbc) Importer(815301076,1909f56bfc062723c751e8b465ee728b)
Start importing Assets/Free/Clim/Climtexture/Materials/Mat_AC_Normal_OpenGL.mat using Guid(fa6df4f5ff96fec4ab98813bc5698fbc) Importer(815301076,1909f56bfc062723c751e8b465ee728b)  -> (artifact id: '33edea8b221091e18cbdb507af3b6b74') in 0.035452 seconds 
  Import took 0.040229 seconds .

========================================================================
Received Import Request.
  Time since last request: 252.222583 seconds.
  path: Assets/Free/SamsungFridge/Render File
  artifactKey: Guid(6d1962581e5532041a411db5b1ca9967) Importer(815301076,1909f56bfc062723c751e8b465ee728b)
Start importing Assets/Free/SamsungFridge/Render File using Guid(6d1962581e5532041a411db5b1ca9967) Importer(815301076,1909f56bfc062723c751e8b465ee728b)  -> (artifact id: '904e122e9b2bd78f6b878a4ad9b66c97') in 0.016972 seconds 
  Import took 0.021245 seconds .

========================================================================
Received Import Request.
  Time since last request: 0.073403 seconds.
  path: Assets/Free/SamsungFridge/Render File/Back (1).jpg
  artifactKey: Guid(9a00714a24a91974f8c4d219361cc446) Importer(815301076,1909f56bfc062723c751e8b465ee728b)
Start importing Assets/Free/SamsungFridge/Render File/Back (1).jpg using Guid(9a00714a24a91974f8c4d219361cc446) Importer(815301076,1909f56bfc062723c751e8b465ee728b)  -> (artifact id: 'b4ac510a62f1a081d2b8f590ef21d8cd') in 0.036017 seconds 
  Import took 0.039080 seconds .

========================================================================
Received Import Request.
  Time since last request: 0.000215 seconds.
  path: Assets/Free/SamsungFridge/Render File/FrontRight (1).jpg
  artifactKey: Guid(e22e9e9371bcdb7459193c2846aa7664) Importer(815301076,1909f56bfc062723c751e8b465ee728b)
Start importing Assets/Free/SamsungFridge/Render File/FrontRight (1).jpg using Guid(e22e9e9371bcdb7459193c2846aa7664) Importer(815301076,1909f56bfc062723c751e8b465ee728b)  -> (artifact id: 'd20eed7262b7d188203358945278aa51') in 0.011538 seconds 
  Import took 0.014174 seconds .

========================================================================
Received Import Request.
  Time since last request: 0.000250 seconds.
  path: Assets/Free/SamsungFridge/Render File/BackRight.jpg
  artifactKey: Guid(9533fe9b17f90f546ac66164a2fe6209) Importer(815301076,1909f56bfc062723c751e8b465ee728b)
Start importing Assets/Free/SamsungFridge/Render File/BackRight.jpg using Guid(9533fe9b17f90f546ac66164a2fe6209) Importer(815301076,1909f56bfc062723c751e8b465ee728b)  -> (artifact id: 'b0c71a03ec3f34ccde8a25996884dd4c') in 0.020044 seconds 
  Import took 0.022874 seconds .

========================================================================
Received Import Request.
  Time since last request: 0.000245 seconds.
  path: Assets/Free/SamsungFridge/Render File/BackLeft.jpg
  artifactKey: Guid(ded08b2a1fa63cc4a9c515b0cac8bb72) Importer(815301076,1909f56bfc062723c751e8b465ee728b)
Start importing Assets/Free/SamsungFridge/Render File/BackLeft.jpg using Guid(ded08b2a1fa63cc4a9c515b0cac8bb72) Importer(815301076,1909f56bfc062723c751e8b465ee728b)  -> (artifact id: '15fd8ebbcd0b95d54cd71787acdf1b01') in 0.016185 seconds 
  Import took 0.020484 seconds .

========================================================================
Received Import Request.
  Time since last request: 0.000236 seconds.
  path: Assets/Free/SamsungFridge/Render File/BackLeft (1).jpg
  artifactKey: Guid(6fce7372d85269147893ef5fc8ddd7ff) Importer(815301076,1909f56bfc062723c751e8b465ee728b)
Start importing Assets/Free/SamsungFridge/Render File/BackLeft (1).jpg using Guid(6fce7372d85269147893ef5fc8ddd7ff) Importer(815301076,1909f56bfc062723c751e8b465ee728b)  -> (artifact id: 'b45cef3cf490235c325c8922d7f717cf') in 0.017807 seconds 
  Import took 0.024687 seconds .

========================================================================
Received Import Request.
  Time since last request: 0.000352 seconds.
  path: Assets/Free/SamsungFridge/Render File/Back.jpg
  artifactKey: Guid(6c7727a4bbcd80649b7d5598078364c9) Importer(815301076,1909f56bfc062723c751e8b465ee728b)
Start importing Assets/Free/SamsungFridge/Render File/Back.jpg using Guid(6c7727a4bbcd80649b7d5598078364c9) Importer(815301076,1909f56bfc062723c751e8b465ee728b)  -> (artifact id: 'e03a31b92af94ddcfb72d3428ec931e4') in 0.015584 seconds 
  Import took 0.019981 seconds .

========================================================================
Received Import Request.
  Time since last request: 0.000249 seconds.
  path: Assets/Free/SamsungFridge/Render File/FrontLeft (1).jpg
  artifactKey: Guid(1b40f1c6521942b4b96863aa1473a72a) Importer(815301076,1909f56bfc062723c751e8b465ee728b)
Start importing Assets/Free/SamsungFridge/Render File/FrontLeft (1).jpg using Guid(1b40f1c6521942b4b96863aa1473a72a) Importer(815301076,1909f56bfc062723c751e8b465ee728b)  -> (artifact id: '5b49eae92ec83c737ab6a3eb392ed440') in 0.017256 seconds 
  Import took 0.021846 seconds .

========================================================================
Received Import Request.
  Time since last request: 0.000709 seconds.
  path: Assets/Free/SamsungFridge/Render File/FrontRight.jpg
  artifactKey: Guid(5e7fecf9cbc83ce49a8a61a2dc8951c5) Importer(815301076,1909f56bfc062723c751e8b465ee728b)
Start importing Assets/Free/SamsungFridge/Render File/FrontRight.jpg using Guid(5e7fecf9cbc83ce49a8a61a2dc8951c5) Importer(815301076,1909f56bfc062723c751e8b465ee728b)  -> (artifact id: 'd7902f458baa0ccbacd36629b5f635b9') in 0.018799 seconds 
  Import took 0.022332 seconds .

========================================================================
Received Import Request.
  Time since last request: 0.000185 seconds.
  path: Assets/Free/SamsungFridge/Render File/FrontLeft.jpg
  artifactKey: Guid(27f7d4ca6081521409398786b6959b83) Importer(815301076,1909f56bfc062723c751e8b465ee728b)
Start importing Assets/Free/SamsungFridge/Render File/FrontLeft.jpg using Guid(27f7d4ca6081521409398786b6959b83) Importer(815301076,1909f56bfc062723c751e8b465ee728b)  -> (artifact id: 'b21dce99131d8b316ae2d38a4c58d1d4') in 0.017412 seconds 
  Import took 0.024653 seconds .

========================================================================
Received Import Request.
  Time since last request: 0.000269 seconds.
  path: Assets/Free/SamsungFridge/Render File/BackRight (1).jpg
  artifactKey: Guid(ef165122d1a3a6342850ffc8ae88006a) Importer(815301076,1909f56bfc062723c751e8b465ee728b)
Start importing Assets/Free/SamsungFridge/Render File/BackRight (1).jpg using Guid(ef165122d1a3a6342850ffc8ae88006a) Importer(815301076,1909f56bfc062723c751e8b465ee728b)  -> (artifact id: 'a801550d0ee50eba8094fbb49c4f8f6d') in 0.017205 seconds 
  Import took 0.020308 seconds .

========================================================================
Received Import Request.
  Time since last request: 2.426868 seconds.
  path: Assets/Free/SamsungFridge/Fbx File/Samsung_Fridge_high.FBX
  artifactKey: Guid(ba96bc49fdfe27245a0fe132421248ef) Importer(815301076,1909f56bfc062723c751e8b465ee728b)
Start importing Assets/Free/SamsungFridge/Fbx File/Samsung_Fridge_high.FBX using Guid(ba96bc49fdfe27245a0fe132421248ef) Importer(815301076,1909f56bfc062723c751e8b465ee728b)  -> (artifact id: '640f3c46286783c5752eb9d3d735331f') in 0.220664 seconds 
  Import took 0.225484 seconds .

========================================================================
Received Import Request.
  Time since last request: 0.000171 seconds.
  path: Assets/Free/SamsungFridge/Fbx File/Samsung_Fridge_low.FBX
  artifactKey: Guid(462da2f0f2449b9458a1aeadd5422dd6) Importer(815301076,1909f56bfc062723c751e8b465ee728b)
Start importing Assets/Free/SamsungFridge/Fbx File/Samsung_Fridge_low.FBX using Guid(462da2f0f2449b9458a1aeadd5422dd6) Importer(815301076,1909f56bfc062723c751e8b465ee728b)  -> (artifact id: '39e004928448b5219290c69b3fc13197') in 0.231088 seconds 
  Import took 0.234023 seconds .

========================================================================
Received Import Request.
  Time since last request: 1.049253 seconds.
  path: Assets/Free/SamsungFridge/4k/Metallic.jpg
  artifactKey: Guid(c5cd2c0ef3c891b489147cff3ff25bff) Importer(815301076,1909f56bfc062723c751e8b465ee728b)
Start importing Assets/Free/SamsungFridge/4k/Metallic.jpg using Guid(c5cd2c0ef3c891b489147cff3ff25bff) Importer(815301076,1909f56bfc062723c751e8b465ee728b)  -> (artifact id: '5808865bcdde6e8d1c76cc437b33821f') in 0.041118 seconds 
  Import took 0.044533 seconds .

========================================================================
Received Import Request.
  Time since last request: 0.000163 seconds.
  path: Assets/Free/SamsungFridge/4k/Samsung_Fridge_low_Samsung_Fridge_Diffuse.jpg
  artifactKey: Guid(529794599c72d5245b62d36b0eaada7a) Importer(815301076,1909f56bfc062723c751e8b465ee728b)
Start importing Assets/Free/SamsungFridge/4k/Samsung_Fridge_low_Samsung_Fridge_Diffuse.jpg using Guid(529794599c72d5245b62d36b0eaada7a) Importer(815301076,1909f56bfc062723c751e8b465ee728b)  -> (artifact id: 'a7c60e1de4eb80f8c1ae005f99a69a11') in 0.023401 seconds 
  Import took 0.027049 seconds .

========================================================================
Received Import Request.
  Time since last request: 0.000297 seconds.
  path: Assets/Free/SamsungFridge/4k/Samsung_Fridge_low_Samsung_Fridge_ior.jpg
  artifactKey: Guid(3d6505e06a03e794ebe3881b0f649429) Importer(815301076,1909f56bfc062723c751e8b465ee728b)
Start importing Assets/Free/SamsungFridge/4k/Samsung_Fridge_low_Samsung_Fridge_ior.jpg using Guid(3d6505e06a03e794ebe3881b0f649429) Importer(815301076,1909f56bfc062723c751e8b465ee728b)  -> (artifact id: '892f6b0380a96bdc3e4e3f9d7f461a03') in 0.016610 seconds 
  Import took 0.020452 seconds .

========================================================================
Received Import Request.
  Time since last request: 0.000237 seconds.
  path: Assets/Free/SamsungFridge/4k/Samsung_Fridge_low_Samsung_Fridge_Reflection.jpg
  artifactKey: Guid(4d82ea5841aa76a4191cdf7ff3e8748e) Importer(815301076,1909f56bfc062723c751e8b465ee728b)
Start importing Assets/Free/SamsungFridge/4k/Samsung_Fridge_low_Samsung_Fridge_Reflection.jpg using Guid(4d82ea5841aa76a4191cdf7ff3e8748e) Importer(815301076,1909f56bfc062723c751e8b465ee728b)  -> (artifact id: 'bed3c84a5d816e111238644894e16b66') in 0.018458 seconds 
  Import took 0.022197 seconds .

========================================================================
Received Import Request.
  Time since last request: 0.000552 seconds.
  path: Assets/Free/SamsungFridge/4k/Samsung_Fridge_low_Samsung_Fridge_Glossiness.jpg
  artifactKey: Guid(4a0d8fd2ed882d7498b9e5ca9c7d83d6) Importer(815301076,1909f56bfc062723c751e8b465ee728b)
Start importing Assets/Free/SamsungFridge/4k/Samsung_Fridge_low_Samsung_Fridge_Glossiness.jpg using Guid(4a0d8fd2ed882d7498b9e5ca9c7d83d6) Importer(815301076,1909f56bfc062723c751e8b465ee728b)  -> (artifact id: 'ca080aa42a1cbe35630515f170830408') in 0.016200 seconds 
  Import took 0.020480 seconds .

========================================================================
Received Import Request.
  Time since last request: 6.462415 seconds.
  path: Assets/Free/Pc
  artifactKey: Guid(4b5575b5acfbdb4459c7258842ae5086) Importer(815301076,1909f56bfc062723c751e8b465ee728b)
Start importing Assets/Free/Pc using Guid(4b5575b5acfbdb4459c7258842ae5086) Importer(815301076,1909f56bfc062723c751e8b465ee728b)  -> (artifact id: '08fbd90429eb07b10ee0f6ce0a728664') in 0.015243 seconds 
  Import took 0.019499 seconds .

========================================================================
Received Import Request.
  Time since last request: 0.118867 seconds.
  path: Assets/Free/Pc/Lowpoly_Notebook_2.fbx
  artifactKey: Guid(fe5ba01123385dd4bbd56b6095e01709) Importer(815301076,1909f56bfc062723c751e8b465ee728b)
Start importing Assets/Free/Pc/Lowpoly_Notebook_2.fbx using Guid(fe5ba01123385dd4bbd56b6095e01709) Importer(815301076,1909f56bfc062723c751e8b465ee728b)  -> (artifact id: 'e673f985a3e5bbef7796b9af2aa85708') in 0.166434 seconds 
  Import took 0.169712 seconds .

========================================================================
Received Import Request.
  Time since last request: 0.000242 seconds.
  path: Assets/Free/Pc/Notebook Low poly_2.PNG
  artifactKey: Guid(af95c5da8a808024cae130e3fa5de073) Importer(815301076,1909f56bfc062723c751e8b465ee728b)
Start importing Assets/Free/Pc/Notebook Low poly_2.PNG using Guid(af95c5da8a808024cae130e3fa5de073) Importer(815301076,1909f56bfc062723c751e8b465ee728b)  -> (artifact id: '77d4c766616d2baec6218363c87984bf') in 0.017992 seconds 
  Import took 0.020723 seconds .

========================================================================
Received Import Request.
  Time since last request: 0.790108 seconds.
  path: Assets/Free/Pc/textures
  artifactKey: Guid(c9817e0dc5b2f174694158438e8df910) Importer(815301076,1909f56bfc062723c751e8b465ee728b)
Start importing Assets/Free/Pc/textures using Guid(c9817e0dc5b2f174694158438e8df910) Importer(815301076,1909f56bfc062723c751e8b465ee728b)  -> (artifact id: '2923946c738edd053b9250fc063e1e54') in 0.049905 seconds 
  Import took 0.056053 seconds .

========================================================================
Received Import Request.
  Time since last request: 0.056668 seconds.
  path: Assets/Free/Pc/textures/Lowpoly_Laptop_1.jpg
  artifactKey: Guid(f1ba4083b6b8f5f4e99e79db615aa45c) Importer(815301076,1909f56bfc062723c751e8b465ee728b)
Start importing Assets/Free/Pc/textures/Lowpoly_Laptop_1.jpg using Guid(f1ba4083b6b8f5f4e99e79db615aa45c) Importer(815301076,1909f56bfc062723c751e8b465ee728b)  -> (artifact id: 'aaabd50154c315a204d43af868979426') in 0.017464 seconds 
  Import took 0.021831 seconds .

========================================================================
Received Import Request.
  Time since last request: 0.000221 seconds.
  path: Assets/Free/Pc/textures/Lowpoly_Laptop_Nor_1.jpg
  artifactKey: Guid(1924039cbd7aca1479fc047b6680d964) Importer(815301076,1909f56bfc062723c751e8b465ee728b)
Start importing Assets/Free/Pc/textures/Lowpoly_Laptop_Nor_1.jpg using Guid(1924039cbd7aca1479fc047b6680d964) Importer(815301076,1909f56bfc062723c751e8b465ee728b)  -> (artifact id: 'b1f4662fdd3116556731891fb17dd87f') in 0.026801 seconds 
  Import took 0.031860 seconds .

========================================================================
Received Import Request.
  Time since last request: 0.000394 seconds.
  path: Assets/Free/Pc/textures/Lowpoly_Laptop_Nor_2.jpg
  artifactKey: Guid(c72d8976d16601040b7096d124aeab95) Importer(815301076,1909f56bfc062723c751e8b465ee728b)
Start importing Assets/Free/Pc/textures/Lowpoly_Laptop_Nor_2.jpg using Guid(c72d8976d16601040b7096d124aeab95) Importer(815301076,1909f56bfc062723c751e8b465ee728b)  -> (artifact id: '4c7d91e38e6d42c9fb3322bcee16a19a') in 0.019962 seconds 
  Import took 0.024063 seconds .

========================================================================
Received Import Request.
  Time since last request: 0.000226 seconds.
  path: Assets/Free/Pc/textures/Lowpoly_Laptop_2.jpg
  artifactKey: Guid(e8c772e4dcffdb14d8925aed0ed52cc2) Importer(815301076,1909f56bfc062723c751e8b465ee728b)
Start importing Assets/Free/Pc/textures/Lowpoly_Laptop_2.jpg using Guid(e8c772e4dcffdb14d8925aed0ed52cc2) Importer(815301076,1909f56bfc062723c751e8b465ee728b)  -> (artifact id: 'bafcc16d68763441922830b1b29247ed') in 0.021928 seconds 
  Import took 0.025947 seconds .

========================================================================
Received Import Request.
  Time since last request: 4.208702 seconds.
  path: Assets/Free/Pc/Materials
  artifactKey: Guid(c4a3df2e55567a646995b4933cabae5f) Importer(815301076,1909f56bfc062723c751e8b465ee728b)
Start importing Assets/Free/Pc/Materials using Guid(c4a3df2e55567a646995b4933cabae5f) Importer(815301076,1909f56bfc062723c751e8b465ee728b)  -> (artifact id: '40cf20cd2af694cf07d56b14e3e1d347') in 0.005934 seconds 
  Import took 0.013656 seconds .

========================================================================
Received Import Request.
  Time since last request: 0.652208 seconds.
  path: Assets/Free/Pc/Materials/Lowpoly_Laptop_1.mat
  artifactKey: Guid(8cdc82a6118318d4fbe4586a02af581e) Importer(815301076,1909f56bfc062723c751e8b465ee728b)
Start importing Assets/Free/Pc/Materials/Lowpoly_Laptop_1.mat using Guid(8cdc82a6118318d4fbe4586a02af581e) Importer(815301076,1909f56bfc062723c751e8b465ee728b)  -> (artifact id: 'b459d09140ee43a023f1880011de505e') in 0.052418 seconds 
  Import took 0.056839 seconds .

========================================================================
Received Import Request.
  Time since last request: 0.000358 seconds.
  path: Assets/Free/Pc/Materials/Lowpoly_Laptop_Nor_2.mat
  artifactKey: Guid(7a397477c8e62ff4ea4c90551548d973) Importer(815301076,1909f56bfc062723c751e8b465ee728b)
Start importing Assets/Free/Pc/Materials/Lowpoly_Laptop_Nor_2.mat using Guid(7a397477c8e62ff4ea4c90551548d973) Importer(815301076,1909f56bfc062723c751e8b465ee728b)  -> (artifact id: '2ab8fd086bf13193aae9fc4c7a891cd5') in 0.030729 seconds 
  Import took 0.035317 seconds .

========================================================================
Received Import Request.
  Time since last request: 0.000459 seconds.
  path: Assets/Free/Pc/Materials/Lowpoly_Laptop_2.mat
  artifactKey: Guid(790700d950bfe0446be19888afa738c1) Importer(815301076,1909f56bfc062723c751e8b465ee728b)
Start importing Assets/Free/Pc/Materials/Lowpoly_Laptop_2.mat using Guid(790700d950bfe0446be19888afa738c1) Importer(815301076,1909f56bfc062723c751e8b465ee728b)  -> (artifact id: '922254c659b5bf599c12657802246df1') in 0.036474 seconds 
  Import took 0.041718 seconds .

========================================================================
Received Import Request.
  Time since last request: 0.000268 seconds.
  path: Assets/Free/Pc/Materials/Lowpoly_Laptop_Nor_1.mat
  artifactKey: Guid(f86208dd4f9ce45469846dd12a8da279) Importer(815301076,1909f56bfc062723c751e8b465ee728b)
Start importing Assets/Free/Pc/Materials/Lowpoly_Laptop_Nor_1.mat using Guid(f86208dd4f9ce45469846dd12a8da279) Importer(815301076,1909f56bfc062723c751e8b465ee728b)  -> (artifact id: 'ecaf4bfba82a958d34cf093999d0f3f3') in 0.021658 seconds 
  Import took 0.026270 seconds .

========================================================================
Received Import Request.
  Time since last request: 16.956105 seconds.
  path: Assets
  artifactKey: Guid(00000000000000001000000000000000) Importer(815301076,1909f56bfc062723c751e8b465ee728b)
Start importing Assets using Guid(00000000000000001000000000000000) Importer(815301076,1909f56bfc062723c751e8b465ee728b)  -> (artifact id: '42d402b061de3733987d63b9cc3b64de') in 0.017507 seconds 
  Import took 0.021692 seconds .

========================================================================
Received Import Request.
  Time since last request: 10.549175 seconds.
  path: Assets/Materials
  artifactKey: Guid(ff97c04faa30047438a03a64a8cca6e1) Importer(815301076,1909f56bfc062723c751e8b465ee728b)
Start importing Assets/Materials using Guid(ff97c04faa30047438a03a64a8cca6e1) Importer(815301076,1909f56bfc062723c751e8b465ee728b)  -> (artifact id: '01582ddb1060be12d26e75e6972ea721') in 0.004808 seconds 
  Import took 0.008810 seconds .

========================================================================
Received Import Request.
  Time since last request: 11.666142 seconds.
  path: Assets/Materials/Blanc.mat
  artifactKey: Guid(9bba352a869b65a40a3901a1a88c289a) Importer(815301076,1909f56bfc062723c751e8b465ee728b)
Start importing Assets/Materials/Blanc.mat using Guid(9bba352a869b65a40a3901a1a88c289a) Importer(815301076,1909f56bfc062723c751e8b465ee728b)  -> (artifact id: '453345737dc8fc41db6662c51dea2ba6') in 0.022695 seconds 
  Import took 0.027094 seconds .

========================================================================
Received Import Request.
  Time since last request: 257.531728 seconds.
  path: Assets/Materials/Tiles074_4K-JPG
  artifactKey: Guid(7854e9ee6076e4a49bad775eef705fc9) Importer(815301076,1909f56bfc062723c751e8b465ee728b)
Start importing Assets/Materials/Tiles074_4K-JPG using Guid(7854e9ee6076e4a49bad775eef705fc9) Importer(815301076,1909f56bfc062723c751e8b465ee728b)  -> (artifact id: 'fcb507dca38ab5acf8677b3a3b3c5ae7') in 0.016764 seconds 
  Import took 0.021449 seconds .

========================================================================
Received Import Request.
  Time since last request: 0.075414 seconds.
  path: Assets/Materials/Tiles074_4K-JPG/Tiles074_4K_Color.jpg
  artifactKey: Guid(74f3a66946449e94abccdea52b2b8705) Importer(815301076,1909f56bfc062723c751e8b465ee728b)
Start importing Assets/Materials/Tiles074_4K-JPG/Tiles074_4K_Color.jpg using Guid(74f3a66946449e94abccdea52b2b8705) Importer(815301076,1909f56bfc062723c751e8b465ee728b)  -> (artifact id: '5a170e8a277626e4631ce5204b61687f') in 0.026114 seconds 
  Import took 0.029985 seconds .

========================================================================
Received Import Request.
  Time since last request: 0.000261 seconds.
  path: Assets/Materials/Tiles074_4K-JPG/Tiles074_4K_Displacement.jpg
  artifactKey: Guid(a288c1c1653195e44a2f9d912a700b50) Importer(815301076,1909f56bfc062723c751e8b465ee728b)
Start importing Assets/Materials/Tiles074_4K-JPG/Tiles074_4K_Displacement.jpg using Guid(a288c1c1653195e44a2f9d912a700b50) Importer(815301076,1909f56bfc062723c751e8b465ee728b)  -> (artifact id: 'dfa54fcb9c3ada28c15aa6c2fb437e41') in 0.027999 seconds 
  Import took 0.032641 seconds .

========================================================================
Received Import Request.
  Time since last request: 0.000370 seconds.
  path: Assets/Materials/Tiles074_4K-JPG/Tiles074_4K_NormalGL.jpg
  artifactKey: Guid(482f0b748c7f70449b0d857254a12b36) Importer(815301076,1909f56bfc062723c751e8b465ee728b)
Start importing Assets/Materials/Tiles074_4K-JPG/Tiles074_4K_NormalGL.jpg using Guid(482f0b748c7f70449b0d857254a12b36) Importer(815301076,1909f56bfc062723c751e8b465ee728b)  -> (artifact id: 'ea06ca11be574844acc818aabd11ca8f') in 0.016750 seconds 
  Import took 0.021246 seconds .

========================================================================
Received Import Request.
  Time since last request: 0.000181 seconds.
  path: Assets/Materials/Tiles074_4K-JPG/Tiles074_4K_Roughness.jpg
  artifactKey: Guid(e3e4f7cdf18b8ba4abaaef18b7f05d3a) Importer(815301076,1909f56bfc062723c751e8b465ee728b)
Start importing Assets/Materials/Tiles074_4K-JPG/Tiles074_4K_Roughness.jpg using Guid(e3e4f7cdf18b8ba4abaaef18b7f05d3a) Importer(815301076,1909f56bfc062723c751e8b465ee728b)  -> (artifact id: 'd0bbbb75ba477b96d63fe519bafc188d') in 0.022156 seconds 
  Import took 0.026470 seconds .

========================================================================
Received Import Request.
  Time since last request: 0.000297 seconds.
  path: Assets/Materials/Tiles074_4K-JPG/Tiles074_4K_NormalDX.jpg
  artifactKey: Guid(475ab53640399394c8279a0e33602d57) Importer(815301076,1909f56bfc062723c751e8b465ee728b)
Start importing Assets/Materials/Tiles074_4K-JPG/Tiles074_4K_NormalDX.jpg using Guid(475ab53640399394c8279a0e33602d57) Importer(815301076,1909f56bfc062723c751e8b465ee728b)  -> (artifact id: '59a392563436cb6481ed8effd5bfed34') in 0.030021 seconds 
  Import took 0.034257 seconds .

========================================================================
Received Import Request.
  Time since last request: 0.000259 seconds.
  path: Assets/Materials/Tiles074_4K-JPG/Tiles074_PREVIEW.jpg
  artifactKey: Guid(959b6e360fcc0364ab1dc63b38d9d42b) Importer(815301076,1909f56bfc062723c751e8b465ee728b)
Start importing Assets/Materials/Tiles074_4K-JPG/Tiles074_PREVIEW.jpg using Guid(959b6e360fcc0364ab1dc63b38d9d42b) Importer(815301076,1909f56bfc062723c751e8b465ee728b)  -> (artifact id: '8e201174ee7e955df7d017662a134997') in 0.018222 seconds 
  Import took 0.022672 seconds .

========================================================================
Received Import Request.
  Time since last request: 6.275518 seconds.
  path: Assets/Materials/Tiles074_4K-JPG/Tiles074_4K-JPG.usdc
  artifactKey: Guid(33c8dbcdf310e804b9d7eaf4ada7fc39) Importer(815301076,1909f56bfc062723c751e8b465ee728b)
Start importing Assets/Materials/Tiles074_4K-JPG/Tiles074_4K-JPG.usdc using Guid(33c8dbcdf310e804b9d7eaf4ada7fc39) Importer(815301076,1909f56bfc062723c751e8b465ee728b)  -> (artifact id: '808452fc3c25ab2078027781affb26ad') in 0.009446 seconds 
  Import took 0.013507 seconds .

========================================================================
Received Import Request.
  Time since last request: 14.898758 seconds.
  path: Assets/Materials/Tiles074_4K-JPG/Materials
  artifactKey: Guid(08169130c52b064489725393e7e0f4e6) Importer(815301076,1909f56bfc062723c751e8b465ee728b)
Start importing Assets/Materials/Tiles074_4K-JPG/Materials using Guid(08169130c52b064489725393e7e0f4e6) Importer(815301076,1909f56bfc062723c751e8b465ee728b)  -> (artifact id: '943d5e38bc3d0094fb4129ecdad631b2') in 0.003799 seconds 
  Import took 0.009347 seconds .

========================================================================
Received Import Request.
  Time since last request: 0.765062 seconds.
  path: Assets/Materials/Tiles074_4K-JPG/Materials/Tiles074_4K_Color.mat
  artifactKey: Guid(27487f9d0fa964e4ca12a0efe647203b) Importer(815301076,1909f56bfc062723c751e8b465ee728b)
Start importing Assets/Materials/Tiles074_4K-JPG/Materials/Tiles074_4K_Color.mat using Guid(27487f9d0fa964e4ca12a0efe647203b) Importer(815301076,1909f56bfc062723c751e8b465ee728b)  -> (artifact id: 'bd0d90620533b12ff7689aac72d72afb') in 0.025622 seconds 
  Import took 0.029222 seconds .

========================================================================
Received Import Request.
  Time since last request: 0.000388 seconds.
  path: Assets/Materials/Tiles074_4K-JPG/Materials/Tiles074_4K_Roughness.mat
  artifactKey: Guid(1c7a7d4d65e5aff4d8db60108ea2eb68) Importer(815301076,1909f56bfc062723c751e8b465ee728b)
Start importing Assets/Materials/Tiles074_4K-JPG/Materials/Tiles074_4K_Roughness.mat using Guid(1c7a7d4d65e5aff4d8db60108ea2eb68) Importer(815301076,1909f56bfc062723c751e8b465ee728b)  -> (artifact id: '46e9057e1e6a8ec3dbd2b9979cecb0f9') in 0.028515 seconds 
  Import took 0.033092 seconds .

========================================================================
Received Import Request.
  Time since last request: 0.000487 seconds.
  path: Assets/Materials/Tiles074_4K-JPG/Materials/Tiles074_4K_Displacement.mat
  artifactKey: Guid(6a07317eaf13c7d45b012419f8392716) Importer(815301076,1909f56bfc062723c751e8b465ee728b)
Start importing Assets/Materials/Tiles074_4K-JPG/Materials/Tiles074_4K_Displacement.mat using Guid(6a07317eaf13c7d45b012419f8392716) Importer(815301076,1909f56bfc062723c751e8b465ee728b)  -> (artifact id: 'd18ba84d1f7fcf44c90627fe5b208ff7') in 0.022434 seconds 
  Import took 0.025606 seconds .

========================================================================
Received Import Request.
  Time since last request: 0.000454 seconds.
  path: Assets/Materials/Tiles074_4K-JPG/Materials/Tiles074_PREVIEW.mat
  artifactKey: Guid(ca96253e2ee25844c9f13989f4e4f183) Importer(815301076,1909f56bfc062723c751e8b465ee728b)
Start importing Assets/Materials/Tiles074_4K-JPG/Materials/Tiles074_PREVIEW.mat using Guid(ca96253e2ee25844c9f13989f4e4f183) Importer(815301076,1909f56bfc062723c751e8b465ee728b)  -> (artifact id: 'd439552ea0c1c3d93a71eb90b0a560bd') in 0.030420 seconds 
  Import took 0.035680 seconds .

========================================================================
Received Import Request.
  Time since last request: 251.938128 seconds.
  path: Assets/Free/SetelectroBureau/Remote Control/Control_Albedo.tga
  artifactKey: Guid(9f4f59716ce532c428cb2c61861a1a62) Importer(815301076,1909f56bfc062723c751e8b465ee728b)
Start importing Assets/Free/SetelectroBureau/Remote Control/Control_Albedo.tga using Guid(9f4f59716ce532c428cb2c61861a1a62) Importer(815301076,1909f56bfc062723c751e8b465ee728b)  -> (artifact id: '4c26fcfe3d0ff18582eeb926e3c4646a') in 0.037500 seconds 
  Import took 0.043123 seconds .

========================================================================
Received Import Request.
  Time since last request: 0.000392 seconds.
  path: Assets/Free/SetelectroBureau/Remote Control/Control_Specular.tga
  artifactKey: Guid(13d3a6069253ae74e9c8757425100b2e) Importer(815301076,1909f56bfc062723c751e8b465ee728b)
Start importing Assets/Free/SetelectroBureau/Remote Control/Control_Specular.tga using Guid(13d3a6069253ae74e9c8757425100b2e) Importer(815301076,1909f56bfc062723c751e8b465ee728b)  -> (artifact id: '918954cef3c6617ef9d05434450dab61') in 0.037875 seconds 
  Import took 0.044618 seconds .

========================================================================
Received Import Request.
  Time since last request: 0.000191 seconds.
  path: Assets/Free/SetelectroBureau/Remote Control/Control_Normal.tga
  artifactKey: Guid(c46fadb3b9c8b874892c2bc7493202e5) Importer(815301076,1909f56bfc062723c751e8b465ee728b)
Start importing Assets/Free/SetelectroBureau/Remote Control/Control_Normal.tga using Guid(c46fadb3b9c8b874892c2bc7493202e5) Importer(815301076,1909f56bfc062723c751e8b465ee728b)  -> (artifact id: '275d8092604f7d82e7896b6224429e4e') in 0.049898 seconds 
  Import took 0.053411 seconds .

========================================================================
Received Import Request.
  Time since last request: 0.000615 seconds.
  path: Assets/Free/SetelectroBureau/Remote Control/Control_Gloss.tga
  artifactKey: Guid(c7f613e599a318844b0e9aa6ba043dd7) Importer(815301076,1909f56bfc062723c751e8b465ee728b)
Start importing Assets/Free/SetelectroBureau/Remote Control/Control_Gloss.tga using Guid(c7f613e599a318844b0e9aa6ba043dd7) Importer(815301076,1909f56bfc062723c751e8b465ee728b)  -> (artifact id: '8fb6e324e2c40f2ffc1b5084bb8a4073') in 0.034796 seconds 
  Import took 0.042216 seconds .

========================================================================
Received Import Request.
  Time since last request: 3.446900 seconds.
  path: Assets/Free/SetelectroBureau/Monitor/Monitor_Albedo.tga
  artifactKey: Guid(61ae6c33223e90245a807291ecad9f32) Importer(815301076,1909f56bfc062723c751e8b465ee728b)
Start importing Assets/Free/SetelectroBureau/Monitor/Monitor_Albedo.tga using Guid(61ae6c33223e90245a807291ecad9f32) Importer(815301076,1909f56bfc062723c751e8b465ee728b)  -> (artifact id: '965c75688820841ac3811510b86728eb') in 0.023376 seconds 
  Import took 0.028024 seconds .

========================================================================
Received Import Request.
  Time since last request: 0.072627 seconds.
  path: Assets/Free/SetelectroBureau/Monitor/Monitor_Gloss.tga
  artifactKey: Guid(9a6ce5a5d13b949409b065f0408e6af0) Importer(815301076,1909f56bfc062723c751e8b465ee728b)
Start importing Assets/Free/SetelectroBureau/Monitor/Monitor_Gloss.tga using Guid(9a6ce5a5d13b949409b065f0408e6af0) Importer(815301076,1909f56bfc062723c751e8b465ee728b)  -> (artifact id: '06237c638cccab918cbf91cd1d25b48c') in 0.040193 seconds 
  Import took 0.045990 seconds .

========================================================================
Received Import Request.
  Time since last request: 0.000217 seconds.
  path: Assets/Free/EtagereLivre/maps/Rack_Horizon_BrionGloss2.jpg
  artifactKey: Guid(6e1f1e563595dc14ab0a5ff6d0236c39) Importer(815301076,1909f56bfc062723c751e8b465ee728b)
Start importing Assets/Free/EtagereLivre/maps/Rack_Horizon_BrionGloss2.jpg using Guid(6e1f1e563595dc14ab0a5ff6d0236c39) Importer(815301076,1909f56bfc062723c751e8b465ee728b)  -> (artifact id: '7acf8807f85325ee030eb4451089cd99') in 0.015381 seconds 
  Import took 0.019089 seconds .

========================================================================
Received Import Request.
  Time since last request: 0.000234 seconds.
  path: Assets/Free/EtagereLivre/preview/preview2.jpg
  artifactKey: Guid(d35187b32fb1c174fa6fa052542f58f3) Importer(815301076,1909f56bfc062723c751e8b465ee728b)
Start importing Assets/Free/EtagereLivre/preview/preview2.jpg using Guid(d35187b32fb1c174fa6fa052542f58f3) Importer(815301076,1909f56bfc062723c751e8b465ee728b)  -> (artifact id: 'd1e0e4efed1db7145aea32bd72254131') in 0.019911 seconds 
  Import took 0.023469 seconds .

========================================================================
Received Import Request.
  Time since last request: 0.000312 seconds.
  path: Assets/Free/EtagereLivre/maps/Rack_Horizon_1319043285.jpg
  artifactKey: Guid(309c9ac7bc77e34409235b9ac5a9137f) Importer(815301076,1909f56bfc062723c751e8b465ee728b)
Start importing Assets/Free/EtagereLivre/maps/Rack_Horizon_1319043285.jpg using Guid(309c9ac7bc77e34409235b9ac5a9137f) Importer(815301076,1909f56bfc062723c751e8b465ee728b)  -> (artifact id: '660d840b726fe8ad9661f19082871199') in 0.018233 seconds 
  Import took 0.022911 seconds .

========================================================================
Received Import Request.
  Time since last request: 0.000188 seconds.
  path: Assets/Free/SetelectroBureau/Monitor/Monitor_Normal.tga
  artifactKey: Guid(59763fe8bec7601469ee9d3efaa00c01) Importer(815301076,1909f56bfc062723c751e8b465ee728b)
Start importing Assets/Free/SetelectroBureau/Monitor/Monitor_Normal.tga using Guid(59763fe8bec7601469ee9d3efaa00c01) Importer(815301076,1909f56bfc062723c751e8b465ee728b)  -> (artifact id: '7d44a14db9ceacf79354ff72542fa75e') in 0.073730 seconds 
  Import took 0.078208 seconds .

========================================================================
Received Import Request.
  Time since last request: 0.000266 seconds.
  path: Assets/Free/EtagereLivre/preview/preview1.jpg
  artifactKey: Guid(75f4024647a6c32489f891eb845ca387) Importer(815301076,1909f56bfc062723c751e8b465ee728b)
Start importing Assets/Free/EtagereLivre/preview/preview1.jpg using Guid(75f4024647a6c32489f891eb845ca387) Importer(815301076,1909f56bfc062723c751e8b465ee728b)  -> (artifact id: 'bbe69db21e0ac6d302072d6490d1c127') in 0.016380 seconds 
  Import took 0.021031 seconds .

========================================================================
Received Import Request.
  Time since last request: 0.000362 seconds.
  path: Assets/Free/EtagereLivre/preview/preview3.jpg
  artifactKey: Guid(98ba9dbb9e0721e4d8085340059a72a3) Importer(815301076,1909f56bfc062723c751e8b465ee728b)
Start importing Assets/Free/EtagereLivre/preview/preview3.jpg using Guid(98ba9dbb9e0721e4d8085340059a72a3) Importer(815301076,1909f56bfc062723c751e8b465ee728b)  -> (artifact id: 'd32d84695f5ec69ddcf9c14ac0b3a476') in 0.017460 seconds 
  Import took 0.021818 seconds .

========================================================================
Received Import Request.
  Time since last request: 0.000257 seconds.
  path: Assets/Free/SetelectroBureau/Monitor/Monitor_Specular.tga
  artifactKey: Guid(6652a34784f7bf742a981e4ec1f4c59f) Importer(815301076,1909f56bfc062723c751e8b465ee728b)
Start importing Assets/Free/SetelectroBureau/Monitor/Monitor_Specular.tga using Guid(6652a34784f7bf742a981e4ec1f4c59f) Importer(815301076,1909f56bfc062723c751e8b465ee728b)  -> (artifact id: '485e19511a22ba8bcb70cfa286496053') in 0.019939 seconds 
  Import took 0.024929 seconds .

========================================================================
Received Import Request.
  Time since last request: 0.082107 seconds.
  path: Assets/Free/EtagereLivre/maps/Rack_Horizon_scratch.jpg
  artifactKey: Guid(87a12e2aa5ed2ab4abaa94c812712032) Importer(815301076,1909f56bfc062723c751e8b465ee728b)
Start importing Assets/Free/EtagereLivre/maps/Rack_Horizon_scratch.jpg using Guid(87a12e2aa5ed2ab4abaa94c812712032) Importer(815301076,1909f56bfc062723c751e8b465ee728b)  -> (artifact id: '603bd3e8d708046c1d22b1b02d00c27b') in 0.018905 seconds 
  Import took 0.022052 seconds .

========================================================================
Received Import Request.
  Time since last request: 0.000190 seconds.
  path: Assets/Free/EtagereLivre/maps/Rack_Horizon_vmppmax31_9_1_6_d.jpg
  artifactKey: Guid(38ea9b07492cefd48926fe463f2bf267) Importer(815301076,1909f56bfc062723c751e8b465ee728b)
Start importing Assets/Free/EtagereLivre/maps/Rack_Horizon_vmppmax31_9_1_6_d.jpg using Guid(38ea9b07492cefd48926fe463f2bf267) Importer(815301076,1909f56bfc062723c751e8b465ee728b)  -> (artifact id: '42f8bf6ad7504be180eb2772460a5f6e') in 0.019693 seconds 
  Import took 0.024240 seconds .

========================================================================
Received Import Request.
  Time since last request: 0.000383 seconds.
  path: Assets/Free/EtagereLivre/maps/Rack_Horizon_vmppmax31_9_1_6_b.jpg
  artifactKey: Guid(f7ba18414c0a5544facbd4dc6c6426d1) Importer(815301076,1909f56bfc062723c751e8b465ee728b)
Start importing Assets/Free/EtagereLivre/maps/Rack_Horizon_vmppmax31_9_1_6_b.jpg using Guid(f7ba18414c0a5544facbd4dc6c6426d1) Importer(815301076,1909f56bfc062723c751e8b465ee728b)  -> (artifact id: '0b4de51e3c752a85fa3738c29578221f') in 0.018908 seconds 
  Import took 0.023384 seconds .

========================================================================
Received Import Request.
  Time since last request: 0.030349 seconds.
  path: Assets/Free/EtagereLivre/maps/Rack_Horizon_vmppmax31_9_1_6_r.jpg
  artifactKey: Guid(809f7fabe44989246b251d87a8e53c56) Importer(815301076,1909f56bfc062723c751e8b465ee728b)
Start importing Assets/Free/EtagereLivre/maps/Rack_Horizon_vmppmax31_9_1_6_r.jpg using Guid(809f7fabe44989246b251d87a8e53c56) Importer(815301076,1909f56bfc062723c751e8b465ee728b)  -> (artifact id: '20d6a5e40fd4c826c4bdc1a6d735a736') in 0.023330 seconds 
  Import took 0.027152 seconds .

========================================================================
Received Import Request.
  Time since last request: 0.000229 seconds.
  path: Assets/Free/EtagereLivre/maps/Rack_Horizon_vmppmax31_9_1_6_s.jpg
  artifactKey: Guid(79ad17f9fdb0dcc4f9cd92e715e652be) Importer(815301076,1909f56bfc062723c751e8b465ee728b)
Start importing Assets/Free/EtagereLivre/maps/Rack_Horizon_vmppmax31_9_1_6_s.jpg using Guid(79ad17f9fdb0dcc4f9cd92e715e652be) Importer(815301076,1909f56bfc062723c751e8b465ee728b)  -> (artifact id: '422441f73a6b9d0968676ddf888096af') in 0.018224 seconds 
  Import took 0.022520 seconds .

========================================================================
Received Import Request.
  Time since last request: 0.167143 seconds.
  path: Assets/Free/SetelectroBureau/Speakers/Speaker_Albedo.tga
  artifactKey: Guid(d144054a5c6ed764e9a06c7c650ee235) Importer(815301076,1909f56bfc062723c751e8b465ee728b)
Start importing Assets/Free/SetelectroBureau/Speakers/Speaker_Albedo.tga using Guid(d144054a5c6ed764e9a06c7c650ee235) Importer(815301076,1909f56bfc062723c751e8b465ee728b)  -> (artifact id: '8f30d22dded1af9f980485c531e6cd6c') in 0.022490 seconds 
  Import took 0.026508 seconds .

========================================================================
Received Import Request.
  Time since last request: 0.000470 seconds.
  path: Assets/Free/SetelectroBureau/SportCam/Sportcam_Albedo.tga
  artifactKey: Guid(f4798524e5f654446b39031a093d7597) Importer(815301076,1909f56bfc062723c751e8b465ee728b)
Start importing Assets/Free/SetelectroBureau/SportCam/Sportcam_Albedo.tga using Guid(f4798524e5f654446b39031a093d7597) Importer(815301076,1909f56bfc062723c751e8b465ee728b)  -> (artifact id: '70e97adc1c7ad1eb7c988c3e3ea5a2aa') in 0.022979 seconds 
  Import took 0.028104 seconds .

========================================================================
Received Import Request.
  Time since last request: 0.000307 seconds.
  path: Assets/Free/SetelectroBureau/Speakers/Speaker_Specular.tga
  artifactKey: Guid(ab5d25aba66e4e2499c99e4a9e7cc8f8) Importer(815301076,1909f56bfc062723c751e8b465ee728b)
Start importing Assets/Free/SetelectroBureau/Speakers/Speaker_Specular.tga using Guid(ab5d25aba66e4e2499c99e4a9e7cc8f8) Importer(815301076,1909f56bfc062723c751e8b465ee728b)  -> (artifact id: '72dcdc77c44c3b72b31828fcb2cc8220') in 0.017043 seconds 
  Import took 0.021080 seconds .

========================================================================
Received Import Request.
  Time since last request: 0.000223 seconds.
  path: Assets/Free/SetelectroBureau/Speakers/Speaker_Normal.tga
  artifactKey: Guid(8118ebf0b45ec9448b711cfc22e26acf) Importer(815301076,1909f56bfc062723c751e8b465ee728b)
Start importing Assets/Free/SetelectroBureau/Speakers/Speaker_Normal.tga using Guid(8118ebf0b45ec9448b711cfc22e26acf) Importer(815301076,1909f56bfc062723c751e8b465ee728b)  -> (artifact id: '4292891ca39054ccd2695dd02de3f20f') in 0.044503 seconds 
  Import took 0.049129 seconds .

========================================================================
Received Import Request.
  Time since last request: 0.000224 seconds.
  path: Assets/Free/SetelectroBureau/SportCam/Sportcam_Normal.tga
  artifactKey: Guid(3d933f12b1b73fe4d88b244ad50335b1) Importer(815301076,1909f56bfc062723c751e8b465ee728b)
Start importing Assets/Free/SetelectroBureau/SportCam/Sportcam_Normal.tga using Guid(3d933f12b1b73fe4d88b244ad50335b1) Importer(815301076,1909f56bfc062723c751e8b465ee728b)  -> (artifact id: '0144023a530298285ef7dda650fa3745') in 0.027273 seconds 
  Import took 0.033912 seconds .

========================================================================
Received Import Request.
  Time since last request: 0.000274 seconds.
  path: Assets/Free/SetelectroBureau/SportCam/Sportcam_Specular.tga
  artifactKey: Guid(d13bbd97b75d3dd4998d56a7902b4d37) Importer(815301076,1909f56bfc062723c751e8b465ee728b)
Start importing Assets/Free/SetelectroBureau/SportCam/Sportcam_Specular.tga using Guid(d13bbd97b75d3dd4998d56a7902b4d37) Importer(815301076,1909f56bfc062723c751e8b465ee728b)  -> (artifact id: '26db38d88f8953e0d71e6dc0b0646dcc') in 0.020374 seconds 
  Import took 0.024449 seconds .

========================================================================
Received Import Request.
  Time since last request: 0.000181 seconds.
  path: Assets/Free/SetelectroBureau/Speakers/Subwoofer_Albedo.tga
  artifactKey: Guid(8f4881477a535c340a5fdbc3ff987376) Importer(815301076,1909f56bfc062723c751e8b465ee728b)
Start importing Assets/Free/SetelectroBureau/Speakers/Subwoofer_Albedo.tga using Guid(8f4881477a535c340a5fdbc3ff987376) Importer(815301076,1909f56bfc062723c751e8b465ee728b)  -> (artifact id: '4adb22cd76c53713e5afb59adb3ba984') in 0.021239 seconds 
  Import took 0.025304 seconds .

========================================================================
Received Import Request.
  Time since last request: 0.000255 seconds.
  path: Assets/Free/SetelectroBureau/Speakers/Speaker_Gloss.tga
  artifactKey: Guid(0cc956f27f22d674c8a5c5d4c7a14362) Importer(815301076,1909f56bfc062723c751e8b465ee728b)
Start importing Assets/Free/SetelectroBureau/Speakers/Speaker_Gloss.tga using Guid(0cc956f27f22d674c8a5c5d4c7a14362) Importer(815301076,1909f56bfc062723c751e8b465ee728b)  -> (artifact id: 'd5bc72ea55cd80d6669d1fdcc5a4566f') in 0.018634 seconds 
  Import took 0.023304 seconds .

========================================================================
Received Import Request.
  Time since last request: 0.001677 seconds.
  path: Assets/Free/SetelectroBureau/SportCam/Sportcam_Gloss.tga
  artifactKey: Guid(791291b9bc6144545b4a91d93c9a7dfc) Importer(815301076,1909f56bfc062723c751e8b465ee728b)
Start importing Assets/Free/SetelectroBureau/SportCam/Sportcam_Gloss.tga using Guid(791291b9bc6144545b4a91d93c9a7dfc) Importer(815301076,1909f56bfc062723c751e8b465ee728b)  -> (artifact id: 'c84ad01826cc758cd6bdd1c68f5aa66b') in 0.021181 seconds 
  Import took 0.025057 seconds .

========================================================================
Received Import Request.
  Time since last request: 0.269090 seconds.
  path: Assets/Free/SetelectroBureau/Speakers/Subwoofer_Gloss.tga
  artifactKey: Guid(17c282c6e2568d0428c9d235995a8720) Importer(815301076,1909f56bfc062723c751e8b465ee728b)
Start importing Assets/Free/SetelectroBureau/Speakers/Subwoofer_Gloss.tga using Guid(17c282c6e2568d0428c9d235995a8720) Importer(815301076,1909f56bfc062723c751e8b465ee728b)  -> (artifact id: 'ee8127f200a5f411629f4e72f4d9e0d8') in 0.025978 seconds 
  Import took 0.030282 seconds .

========================================================================
Received Import Request.
  Time since last request: 0.000597 seconds.
  path: Assets/Free/SetelectroBureau/Speakers/Subwoofer_Specular.tga
  artifactKey: Guid(1cb92d4bc63a8404ba6e28fb1b9af095) Importer(815301076,1909f56bfc062723c751e8b465ee728b)
Start importing Assets/Free/SetelectroBureau/Speakers/Subwoofer_Specular.tga using Guid(1cb92d4bc63a8404ba6e28fb1b9af095) Importer(815301076,1909f56bfc062723c751e8b465ee728b)  -> (artifact id: 'a158b9360ac519e8d9f01c39095739b7') in 0.019290 seconds 
  Import took 0.024888 seconds .

========================================================================
Received Import Request.
  Time since last request: 0.000327 seconds.
  path: Assets/Free/SetelectroBureau/Speakers/Subwoofer_Normal.tga
  artifactKey: Guid(416bf8fefda037246a1bd2af37ac1235) Importer(815301076,1909f56bfc062723c751e8b465ee728b)
Start importing Assets/Free/SetelectroBureau/Speakers/Subwoofer_Normal.tga using Guid(416bf8fefda037246a1bd2af37ac1235) Importer(815301076,1909f56bfc062723c751e8b465ee728b)  -> (artifact id: '5851e089bea8c1ea24b2bffb32b29aab') in 0.031500 seconds 
  Import took 0.034818 seconds .

========================================================================
Received Prepare
Registering precompiled user dll's ...
Registered in 0.002062 seconds.
Begin MonoManager ReloadAssembly
Native extension for WindowsStandalone target not found
Refreshing native plugins compatible for Editor in 0.38 ms, found 2 plugins.
Preloading 0 native plugins for Editor in 0.00 ms.
Mono: successfully reloaded assembly
- Completed reload, in  1.020 seconds
Domain Reload Profiling:
	ReloadAssembly (1021ms)
		BeginReloadAssembly (155ms)
			ExecutionOrderSort (0ms)
			DisableScriptedObjects (4ms)
			BackupInstance (0ms)
			ReleaseScriptingObjects (0ms)
			CreateAndSetChildDomain (60ms)
		EndReloadAssembly (804ms)
			LoadAssemblies (96ms)
			RebuildTransferFunctionScriptingTraits (0ms)
			SetupTypeCache (280ms)
			ReleaseScriptCaches (1ms)
			RebuildScriptCaches (43ms)
			SetupLoadedEditorAssemblies (297ms)
				LogAssemblyErrors (0ms)
				InitializePlatformSupportModulesInManaged (4ms)
				SetLoadedEditorAssemblies (0ms)
				RefreshPlugins (0ms)
				BeforeProcessingInitializeOnLoad (77ms)
				ProcessInitializeOnLoadAttributes (202ms)
				ProcessInitializeOnLoadMethodAttributes (9ms)
				AfterProcessingInitializeOnLoad (4ms)
				EditorAssembliesLoaded (0ms)
			ExecutionOrderSort2 (0ms)
			AwakeInstancesAfterBackupRestoration (7ms)
Platform modules already initialized, skipping
Switching build target platform(19) subTarget(0) extendedPlatform(0) -> platform(13) subTarget(537395200) extendedPlatform(0)
Refreshing native plugins compatible for Editor in 0.41 ms, found 2 plugins.
Preloading 0 native plugins for Editor in 0.00 ms.
Unloading 1837 Unused Serialized files (Serialized files now loaded: 0)
System memory in use before: 99.0 MB.
System memory in use after: 99.1 MB.

Unloading 11 unused Assets to reduce memory usage. Loaded Objects now: 2349.
Total: 2.796900 ms (FindLiveObjects: 0.197000 ms CreateObjectMapping: 0.089500 ms MarkObjects: 2.485500 ms  DeleteObjects: 0.023400 ms)

AssetImportParameters requested are different than current active one (requested -> active):
  custom:framework-win-MediaFoundation: 216162199b28c13a410421893ffa2e32 -> 
  custom:video-decoder-ogg-theora: a1e56fd34408186e4bbccfd4996cb3dc -> 
  custom:container-muxer-webm: aa71ff27fc2769a1b78a27578f13a17b -> 
  custom:container-demuxer-webm: 4f35f7cbe854078d1ac9338744f61a02 -> 
  custom:container-demuxer-ogg: 62fdf1f143b41e24485cea50d1cbac27 -> 
  custom:video-encoder-webm-vp8: eb34c28f22e8b96e1ab97ce403110664 -> 
  custom:video-decoder-webm-vp8: 9c59270c3fd7afecdb556c50c9e8de78 -> 
  custom:graphics/normal-map-encoding: 01000000000000000000000000000000 -> 02000000000000000000000000000000
  custom:audio-decoder-ogg-vorbis: bf7c407c2cedff20999df2af8eb42d56 -> 
  custom:audio-encoder-webm-vorbis: bf7c407c2cedff20999df2af8eb42d56 -> 
========================================================================
Received Prepare
Refreshing native plugins compatible for Editor in 2.53 ms, found 2 plugins.
Preloading 0 native plugins for Editor in 0.00 ms.
Unloading 9 Unused Serialized files (Serialized files now loaded: 0)
System memory in use before: 62.2 MB.
System memory in use after: 62.3 MB.

Unloading 9 unused Assets to reduce memory usage. Loaded Objects now: 2349.
Total: 2.861500 ms (FindLiveObjects: 0.130200 ms CreateObjectMapping: 0.054300 ms MarkObjects: 2.655000 ms  DeleteObjects: 0.020800 ms)

AssetImportParameters requested are different than current active one (requested -> active):
  custom:framework-win-MediaFoundation: 216162199b28c13a410421893ffa2e32 -> 
  custom:video-decoder-ogg-theora: a1e56fd34408186e4bbccfd4996cb3dc -> 
  custom:container-muxer-webm: aa71ff27fc2769a1b78a27578f13a17b -> 
  custom:container-demuxer-webm: 4f35f7cbe854078d1ac9338744f61a02 -> 
  custom:container-demuxer-ogg: 62fdf1f143b41e24485cea50d1cbac27 -> 
  custom:video-encoder-webm-vp8: eb34c28f22e8b96e1ab97ce403110664 -> 
  custom:video-decoder-webm-vp8: 9c59270c3fd7afecdb556c50c9e8de78 -> 
  custom:audio-decoder-ogg-vorbis: bf7c407c2cedff20999df2af8eb42d56 -> 
  custom:audio-encoder-webm-vorbis: bf7c407c2cedff20999df2af8eb42d56 -> 
========================================================================
Received Prepare
Refreshing native plugins compatible for Editor in 17.35 ms, found 2 plugins.
Preloading 0 native plugins for Editor in 0.00 ms.
Unloading 9 Unused Serialized files (Serialized files now loaded: 0)
System memory in use before: 62.3 MB.
System memory in use after: 62.4 MB.

Unloading 9 unused Assets to reduce memory usage. Loaded Objects now: 2349.
Total: 65.156300 ms (FindLiveObjects: 1.199100 ms CreateObjectMapping: 0.425100 ms MarkObjects: 63.450100 ms  DeleteObjects: 0.078000 ms)

AssetImportParameters requested are different than current active one (requested -> active):
  custom:framework-win-MediaFoundation: 216162199b28c13a410421893ffa2e32 -> 
  custom:video-decoder-ogg-theora: a1e56fd34408186e4bbccfd4996cb3dc -> 
  custom:container-muxer-webm: aa71ff27fc2769a1b78a27578f13a17b -> 
  custom:container-demuxer-webm: 4f35f7cbe854078d1ac9338744f61a02 -> 
  custom:container-demuxer-ogg: 62fdf1f143b41e24485cea50d1cbac27 -> 
  custom:video-encoder-webm-vp8: eb34c28f22e8b96e1ab97ce403110664 -> 
  custom:video-decoder-webm-vp8: 9c59270c3fd7afecdb556c50c9e8de78 -> 
  custom:audio-decoder-ogg-vorbis: bf7c407c2cedff20999df2af8eb42d56 -> 
  custom:audio-encoder-webm-vorbis: bf7c407c2cedff20999df2af8eb42d56 -> 
========================================================================
Received Prepare
Refreshing native plugins compatible for Editor in 3.76 ms, found 2 plugins.
Preloading 0 native plugins for Editor in 0.00 ms.
Unloading 9 Unused Serialized files (Serialized files now loaded: 0)
System memory in use before: 62.3 MB.
System memory in use after: 62.4 MB.

Unloading 9 unused Assets to reduce memory usage. Loaded Objects now: 2349.
Total: 26.259800 ms (FindLiveObjects: 0.369300 ms CreateObjectMapping: 0.146500 ms MarkObjects: 25.645600 ms  DeleteObjects: 0.094000 ms)

AssetImportParameters requested are different than current active one (requested -> active):
  colorSpace: 1 -> 0
  custom:framework-win-MediaFoundation: 216162199b28c13a410421893ffa2e32 -> 
  custom:video-decoder-ogg-theora: a1e56fd34408186e4bbccfd4996cb3dc -> 
  custom:container-muxer-webm: aa71ff27fc2769a1b78a27578f13a17b -> 
  custom:container-demuxer-webm: 4f35f7cbe854078d1ac9338744f61a02 -> 
  custom:container-demuxer-ogg: 62fdf1f143b41e24485cea50d1cbac27 -> 
  custom:video-encoder-webm-vp8: eb34c28f22e8b96e1ab97ce403110664 -> 
  custom:video-decoder-webm-vp8: 9c59270c3fd7afecdb556c50c9e8de78 -> 
  custom:audio-decoder-ogg-vorbis: bf7c407c2cedff20999df2af8eb42d56 -> 
  custom:audio-encoder-webm-vorbis: bf7c407c2cedff20999df2af8eb42d56 -> 
========================================================================
Received Prepare
Switching build target platform(13) subTarget(537395206) extendedPlatform(0) -> platform(13) subTarget(524294) extendedPlatform(0)
Refreshing native plugins compatible for Editor in 16.30 ms, found 2 plugins.
Preloading 0 native plugins for Editor in 0.00 ms.
Unloading 9 Unused Serialized files (Serialized files now loaded: 0)
System memory in use before: 62.3 MB.
System memory in use after: 62.4 MB.

Unloading 9 unused Assets to reduce memory usage. Loaded Objects now: 2349.
Total: 31.020100 ms (FindLiveObjects: 0.367300 ms CreateObjectMapping: 0.208900 ms MarkObjects: 30.334000 ms  DeleteObjects: 0.106300 ms)

AssetImportParameters requested are different than current active one (requested -> active):
  buildTarget: platform 13, subtarget 524294, extendedPlatform 0 -> platform 13, subtarget 537395206, extendedPlatform 0
  colorSpace: 1 -> 0
  graphicsApiMask: 2048 -> 2099200
  custom:framework-win-MediaFoundation: 216162199b28c13a410421893ffa2e32 -> 
  custom:video-decoder-ogg-theora: a1e56fd34408186e4bbccfd4996cb3dc -> 
  custom:container-muxer-webm: aa71ff27fc2769a1b78a27578f13a17b -> 
  custom:container-demuxer-webm: 4f35f7cbe854078d1ac9338744f61a02 -> 
  custom:container-demuxer-ogg: 62fdf1f143b41e24485cea50d1cbac27 -> 
  custom:video-encoder-webm-vp8: eb34c28f22e8b96e1ab97ce403110664 -> 
  custom:video-decoder-webm-vp8: 9c59270c3fd7afecdb556c50c9e8de78 -> 
  custom:audio-decoder-ogg-vorbis: bf7c407c2cedff20999df2af8eb42d56 -> 
  custom:audio-encoder-webm-vorbis: bf7c407c2cedff20999df2af8eb42d56 -> 
========================================================================
Received Prepare
Registering precompiled user dll's ...
Registered in 0.002538 seconds.
Begin MonoManager ReloadAssembly
Native extension for WindowsStandalone target not found
Refreshing native plugins compatible for Editor in 0.35 ms, found 2 plugins.
Preloading 0 native plugins for Editor in 0.00 ms.
Mono: successfully reloaded assembly
- Completed reload, in  0.929 seconds
Domain Reload Profiling:
	ReloadAssembly (930ms)
		BeginReloadAssembly (109ms)
			ExecutionOrderSort (0ms)
			DisableScriptedObjects (4ms)
			BackupInstance (0ms)
			ReleaseScriptingObjects (0ms)
			CreateAndSetChildDomain (32ms)
		EndReloadAssembly (754ms)
			LoadAssemblies (86ms)
			RebuildTransferFunctionScriptingTraits (0ms)
			SetupTypeCache (268ms)
			ReleaseScriptCaches (1ms)
			RebuildScriptCaches (36ms)
			SetupLoadedEditorAssemblies (266ms)
				LogAssemblyErrors (0ms)
				InitializePlatformSupportModulesInManaged (4ms)
				SetLoadedEditorAssemblies (0ms)
				RefreshPlugins (0ms)
				BeforeProcessingInitializeOnLoad (71ms)
				ProcessInitializeOnLoadAttributes (178ms)
				ProcessInitializeOnLoadMethodAttributes (8ms)
				AfterProcessingInitializeOnLoad (3ms)
				EditorAssembliesLoaded (0ms)
			ExecutionOrderSort2 (0ms)
			AwakeInstancesAfterBackupRestoration (5ms)
Platform modules already initialized, skipping
Switching build target platform(19) subTarget(0) extendedPlatform(0) -> platform(13) subTarget(524294) extendedPlatform(0)
Refreshing native plugins compatible for Editor in 0.52 ms, found 2 plugins.
Preloading 0 native plugins for Editor in 0.00 ms.
Unloading 1914 Unused Serialized files (Serialized files now loaded: 0)
System memory in use before: 101.5 MB.
System memory in use after: 101.6 MB.

Unloading 11 unused Assets to reduce memory usage. Loaded Objects now: 2429.
Total: 2.372600 ms (FindLiveObjects: 0.128200 ms CreateObjectMapping: 0.050400 ms MarkObjects: 2.172100 ms  DeleteObjects: 0.020900 ms)

AssetImportParameters requested are different than current active one (requested -> active):
  buildTarget: platform 13, subtarget 524294, extendedPlatform 0 -> platform 13, subtarget 537395206, extendedPlatform 0
  colorSpace: 1 -> 0
  graphicsApiMask: 2048 -> 2099200
  custom:framework-win-MediaFoundation: 216162199b28c13a410421893ffa2e32 -> 
  custom:video-decoder-ogg-theora: a1e56fd34408186e4bbccfd4996cb3dc -> 
  custom:container-muxer-webm: aa71ff27fc2769a1b78a27578f13a17b -> 
  custom:container-demuxer-webm: 4f35f7cbe854078d1ac9338744f61a02 -> 
  custom:container-demuxer-ogg: 62fdf1f143b41e24485cea50d1cbac27 -> 
  custom:video-encoder-webm-vp8: eb34c28f22e8b96e1ab97ce403110664 -> 
  custom:video-decoder-webm-vp8: 9c59270c3fd7afecdb556c50c9e8de78 -> 
  custom:graphics/normal-map-encoding: 01000000000000000000000000000000 -> 02000000000000000000000000000000
  custom:audio-decoder-ogg-vorbis: bf7c407c2cedff20999df2af8eb42d56 -> 
  custom:audio-encoder-webm-vorbis: bf7c407c2cedff20999df2af8eb42d56 -> 
========================================================================
Received Import Request.
  Time since last request: 1023.062556 seconds.
  path: Assets/Materials/Blanc.mat
  artifactKey: Guid(9bba352a869b65a40a3901a1a88c289a) Importer(815301076,1909f56bfc062723c751e8b465ee728b)
Start importing Assets/Materials/Blanc.mat using Guid(9bba352a869b65a40a3901a1a88c289a) Importer(815301076,1909f56bfc062723c751e8b465ee728b)  -> (artifact id: '00bc7a89bf8225cb13ee295d36889056') in 0.264714 seconds 
  Import took 0.273833 seconds .

========================================================================
Received Prepare
Registering precompiled user dll's ...
Registered in 0.002363 seconds.
Begin MonoManager ReloadAssembly
Native extension for WindowsStandalone target not found
Refreshing native plugins compatible for Editor in 0.74 ms, found 5 plugins.
Preloading 1 native plugins for Editor in 0.83 ms.
[XR] OculusXRPlugin: registering subsystems
[XR] Unable to register display lifecyle provider: [1]
[XR] Oculus Input lifecycle provider registered.
[XR] Unable to register input lifecyle provider: [1]
System.Reflection.TargetInvocationException: Exception has been thrown by the target of an invocation. ---> System.NullReferenceException: Object reference not set to an instance of an object
  at Unity.XR.Oculus.OculusLoader.AssetPathToAbsolutePath (System.String assetPath) [0x00048] in C:\Users\ThomasPLANCHARD\Desktop\CodeFile\2022-project-4-virtual-b3_B\2022-project-4-virtual-b3_B\B3\Library\PackageCache\com.unity.xr.oculus@1.11.2\Runtime\OculusLoader.cs:250 
  at Unity.XR.Oculus.OculusLoader.EditorLoadOVRPlugin () [0x0007b] in C:\Users\ThomasPLANCHARD\Desktop\CodeFile\2022-project-4-virtual-b3_B\2022-project-4-virtual-b3_B\B3\Library\PackageCache\com.unity.xr.oculus@1.11.2\Runtime\OculusLoader.cs:235 
  at (wrapper managed-to-native) System.Reflection.MonoMethod.InternalInvoke(System.Reflection.MonoMethod,object,object[],System.Exception&)
  at System.Reflection.MonoMethod.Invoke (System.Object obj, System.Reflection.BindingFlags invokeAttr, System.Reflection.Binder binder, System.Object[] parameters, System.Globalization.CultureInfo culture) [0x00032] in <695d1cc93cca45069c528c15c9fdd749>:0 
   --- End of inner exception stack trace ---
  at System.Reflection.MonoMethod.Invoke (System.Object obj, System.Reflection.BindingFlags invokeAttr, System.Reflection.Binder binder, System.Object[] parameters, System.Globalization.CultureInfo culture) [0x00048] in <695d1cc93cca45069c528c15c9fdd749>:0 
  at System.Reflection.MethodBase.Invoke (System.Object obj, System.Object[] parameters) [0x00000] in <695d1cc93cca45069c528c15c9fdd749>:0 
  at UnityEditor.EditorAssemblies.ProcessInitializeOnLoadMethodAttributes () [0x00047] in <7ebb9dc74040436998557fc331a964ba>:0 
UnityEngine.StackTraceUtility:ExtractStackTrace ()
UnityEngine.DebugLogHandler:LogFormat (UnityEngine.LogType,UnityEngine.Object,string,object[])
UnityEngine.Logger:Log (UnityEngine.LogType,object)
UnityEngine.Debug:LogError (object)
UnityEditor.EditorAssemblies:ProcessInitializeOnLoadMethodAttributes ()

Mono: successfully reloaded assembly
- Completed reload, in  1.035 seconds
Domain Reload Profiling:
	ReloadAssembly (1035ms)
		BeginReloadAssembly (108ms)
			ExecutionOrderSort (0ms)
			DisableScriptedObjects (3ms)
			BackupInstance (0ms)
			ReleaseScriptingObjects (0ms)
			CreateAndSetChildDomain (36ms)
		EndReloadAssembly (869ms)
			LoadAssemblies (83ms)
			RebuildTransferFunctionScriptingTraits (0ms)
			SetupTypeCache (332ms)
			ReleaseScriptCaches (1ms)
			RebuildScriptCaches (35ms)
			SetupLoadedEditorAssemblies (318ms)
				LogAssemblyErrors (0ms)
				InitializePlatformSupportModulesInManaged (4ms)
				SetLoadedEditorAssemblies (0ms)
				RefreshPlugins (2ms)
				BeforeProcessingInitializeOnLoad (85ms)
				ProcessInitializeOnLoadAttributes (200ms)
				ProcessInitializeOnLoadMethodAttributes (22ms)
				AfterProcessingInitializeOnLoad (4ms)
				EditorAssembliesLoaded (0ms)
			ExecutionOrderSort2 (0ms)
			AwakeInstancesAfterBackupRestoration (6ms)
Platform modules already initialized, skipping
Switching build target platform(19) subTarget(0) extendedPlatform(0) -> platform(13) subTarget(524294) extendedPlatform(0)
Refreshing native plugins compatible for Editor in 0.48 ms, found 5 plugins.
Preloading 1 native plugins for Editor in 0.11 ms.
Unloading 1943 Unused Serialized files (Serialized files now loaded: 0)
System memory in use before: 102.4 MB.
System memory in use after: 102.5 MB.

Unloading 13 unused Assets to reduce memory usage. Loaded Objects now: 2461.
Total: 2.817100 ms (FindLiveObjects: 0.178100 ms CreateObjectMapping: 0.064900 ms MarkObjects: 2.551400 ms  DeleteObjects: 0.021400 ms)

AssetImportParameters requested are different than current active one (requested -> active):
  custom:framework-win-MediaFoundation: 216162199b28c13a410421893ffa2e32 -> 
  custom:video-decoder-ogg-theora: a1e56fd34408186e4bbccfd4996cb3dc -> 
  custom:container-muxer-webm: aa71ff27fc2769a1b78a27578f13a17b -> 
  custom:container-demuxer-webm: 4f35f7cbe854078d1ac9338744f61a02 -> 
  custom:container-demuxer-ogg: 62fdf1f143b41e24485cea50d1cbac27 -> 
  custom:video-encoder-webm-vp8: eb34c28f22e8b96e1ab97ce403110664 -> 
  custom:video-decoder-webm-vp8: 9c59270c3fd7afecdb556c50c9e8de78 -> 
  custom:graphics/normal-map-encoding: 01000000000000000000000000000000 -> 02000000000000000000000000000000
  custom:audio-decoder-ogg-vorbis: bf7c407c2cedff20999df2af8eb42d56 -> 
  custom:audio-encoder-webm-vorbis: bf7c407c2cedff20999df2af8eb42d56 -> 
========================================================================
Received Prepare
Registering precompiled user dll's ...
Registered in 0.002906 seconds.
Begin MonoManager ReloadAssembly
Native extension for WindowsStandalone target not found
Refreshing native plugins compatible for Editor in 0.54 ms, found 5 plugins.
Preloading 1 native plugins for Editor in 0.09 ms.
Mono: successfully reloaded assembly
- Completed reload, in  0.797 seconds
Domain Reload Profiling:
	ReloadAssembly (797ms)
		BeginReloadAssembly (110ms)
			ExecutionOrderSort (0ms)
			DisableScriptedObjects (4ms)
			BackupInstance (0ms)
			ReleaseScriptingObjects (0ms)
			CreateAndSetChildDomain (31ms)
		EndReloadAssembly (623ms)
			LoadAssemblies (82ms)
			RebuildTransferFunctionScriptingTraits (0ms)
			SetupTypeCache (238ms)
			ReleaseScriptCaches (1ms)
			RebuildScriptCaches (27ms)
			SetupLoadedEditorAssemblies (190ms)
				LogAssemblyErrors (0ms)
				InitializePlatformSupportModulesInManaged (4ms)
				SetLoadedEditorAssemblies (0ms)
				RefreshPlugins (1ms)
				BeforeProcessingInitializeOnLoad (87ms)
				ProcessInitializeOnLoadAttributes (87ms)
				ProcessInitializeOnLoadMethodAttributes (5ms)
				AfterProcessingInitializeOnLoad (5ms)
				EditorAssembliesLoaded (0ms)
			ExecutionOrderSort2 (0ms)
			AwakeInstancesAfterBackupRestoration (6ms)
Platform modules already initialized, skipping
Switching build target platform(19) subTarget(0) extendedPlatform(0) -> platform(13) subTarget(524294) extendedPlatform(0)
Refreshing native plugins compatible for Editor in 0.59 ms, found 5 plugins.
Preloading 1 native plugins for Editor in 0.09 ms.
Unloading 2558 Unused Serialized files (Serialized files now loaded: 0)
System memory in use before: 122.2 MB.
System memory in use after: 122.4 MB.

Unloading 11 unused Assets to reduce memory usage. Loaded Objects now: 3086.
Total: 2.721100 ms (FindLiveObjects: 0.201400 ms CreateObjectMapping: 0.092300 ms MarkObjects: 2.398600 ms  DeleteObjects: 0.027900 ms)

AssetImportParameters requested are different than current active one (requested -> active):
  custom:framework-win-MediaFoundation: 216162199b28c13a410421893ffa2e32 -> 
  custom:video-decoder-ogg-theora: a1e56fd34408186e4bbccfd4996cb3dc -> 
  custom:container-muxer-webm: aa71ff27fc2769a1b78a27578f13a17b -> 
  custom:container-demuxer-webm: 4f35f7cbe854078d1ac9338744f61a02 -> 
  custom:container-demuxer-ogg: 62fdf1f143b41e24485cea50d1cbac27 -> 
  custom:video-encoder-webm-vp8: eb34c28f22e8b96e1ab97ce403110664 -> 
  custom:video-decoder-webm-vp8: 9c59270c3fd7afecdb556c50c9e8de78 -> 
  custom:graphics/normal-map-encoding: 01000000000000000000000000000000 -> 02000000000000000000000000000000
  custom:audio-decoder-ogg-vorbis: bf7c407c2cedff20999df2af8eb42d56 -> 
  custom:audio-encoder-webm-vorbis: bf7c407c2cedff20999df2af8eb42d56 -> 
AssetImportWorkerClient::OnTransportError - code=2 error=End of file
